<?xml version="1.0" encoding="UTF-8"?>
<!-- Generated by org.testng.reporters.JUnitReportReporter -->
<testsuite skipped="0" hostname="LAPTOP-AF95BSA9" name="testBase.TC001_Account_RegistrationTest" tests="1" failures="0" timestamp="2023-06-28T10:07:43 IST" time="2.772" errors="0">
  <testcase name="account_Registration" time="2.772" classname="testBase.TC001_Account_RegistrationTest"/>
  <system-out/>
</testsuite> <!-- testBase.TC001_Account_RegistrationTest -->
